\BOOKMARK [0][-]{chapter*.2}{Introduction to photoacoustics}{}% 1
\BOOKMARK [0][-]{chapter.1}{Description of the apparatus}{}% 2
\BOOKMARK [1][-]{section.1.1}{General overview}{chapter.1}% 3
\BOOKMARK [1][-]{section.1.2}{Laser source}{chapter.1}% 4
\BOOKMARK [1][-]{section.1.3}{Acoustic chamber}{chapter.1}% 5
\BOOKMARK [1][-]{section.1.4}{Reference arm}{chapter.1}% 6
\BOOKMARK [0][-]{chapter.2}{Experimental setup and hardware improvements}{}% 7
\BOOKMARK [1][-]{section.2.1}{Building and optimizing the external cavity laser}{chapter.2}% 8
\BOOKMARK [1][-]{section.2.2}{Focusing the laser in the acoustic chamber}{chapter.2}% 9
\BOOKMARK [1][-]{section.2.3}{Tuning the laser emission}{chapter.2}% 10
\BOOKMARK [0][-]{chapter.3}{Measurements and results}{}% 11
\BOOKMARK [1][-]{section.3.1}{General remarks}{chapter.3}% 12
\BOOKMARK [1][-]{section.3.2}{Finding chamber resonances}{chapter.3}% 13
\BOOKMARK [2][-]{subsection.3.2.1}{Open chamber measurement}{section.3.2}% 14
\BOOKMARK [2][-]{subsection.3.2.2}{Closed chamber measurement}{section.3.2}% 15
\BOOKMARK [1][-]{section.3.3}{Looking for the oxygen peaks}{chapter.3}% 16
\BOOKMARK [1][-]{section.3.4}{Shape of the peaks}{chapter.3}% 17
\BOOKMARK [2][-]{subsection.3.4.1}{Factors influencing the shape of the peaks}{section.3.4}% 18
\BOOKMARK [2][-]{subsection.3.4.2}{Single full sweeps}{section.3.4}% 19
\BOOKMARK [2][-]{subsection.3.4.3}{Multiple full sweeps}{section.3.4}% 20
\BOOKMARK [2][-]{subsection.3.4.4}{Multiple focused sweeps}{section.3.4}% 21
\BOOKMARK [1][-]{section.3.5}{Free laser drift analysis}{chapter.3}% 22
\BOOKMARK [2][-]{subsection.3.5.1}{Free evolution}{section.3.5}% 23
\BOOKMARK [2][-]{subsection.3.5.2}{Heating- and cooling-induced evolution}{section.3.5}% 24
\BOOKMARK [2][-]{subsection.3.5.3}{Tunability change measurement}{section.3.5}% 25
\BOOKMARK [0][-]{table.caption.26}{APPENDIX}{}% 26
\BOOKMARK [0][-]{appendix.A}{Extended Cavity Diode Laser \(ECDL\)}{}% 27
\BOOKMARK [1][-]{section.A.1}{Introduction to LD tuning}{appendix.A}% 28
\BOOKMARK [1][-]{section.A.2}{Diffraction theory for a grating}{appendix.A}% 29
\BOOKMARK [1][-]{section.A.3}{Littrow configuration ECDL}{appendix.A}% 30
\BOOKMARK [1][-]{section.A.4}{Main sources of noise in a ECDL}{appendix.A}% 31
\BOOKMARK [0][-]{appendix.B}{The lock-in amplifier}{}% 32
\BOOKMARK [1][-]{section.B.1}{Basic theory}{appendix.B}% 33
\BOOKMARK [1][-]{section.B.2}{Dual lock-in amplifier}{appendix.B}% 34
\BOOKMARK [1][-]{section.B.3}{Low-pass filter}{appendix.B}% 35
\BOOKMARK [0][-]{appendix.C}{Etalon}{}% 36
\BOOKMARK [1][-]{section.C.1}{Introduction}{appendix.C}% 37
\BOOKMARK [1][-]{section.C.2}{Theoretical treatment}{appendix.C}% 38
\BOOKMARK [1][-]{section.C.3}{Interference pattern}{appendix.C}% 39
\BOOKMARK [1][-]{section.C.4}{Etalon as a spectroscope}{appendix.C}% 40
