This is XeTeX, Version 3.1415926-2.3-0.9997.5 (MiKTeX 2.9) (preloaded format=xelatex 2011.12.12)  12 SEP 2013 15:07
entering extended mode
**report.tex

("C:\Users\zeno\Desktop\V anno\Experimental Physics\Photoacoustic final experie
nce\reportex\report.tex"
LaTeX2e <2011/06/27>
Babel <v3.8m> and hyphenation patterns for english, afrikaans, ancientgreek, ar
abic, armenian, assamese, basque, bengali, bokmal, bulgarian, catalan, coptic, 
croatian, czech, danish, dutch, esperanto, estonian, farsi, finnish, french, ga
lician, german, german-x-2009-06-19, greek, gujarati, hindi, hungarian, iceland
ic, indonesian, interlingua, irish, italian, kannada, kurmanji, lao, latin, lat
vian, lithuanian, malayalam, marathi, mongolian, mongolianlmc, monogreek, ngerm
an, ngerman-x-2009-06-19, nynorsk, oriya, panjabi, pinyin, polish, portuguese, 
romanian, russian, sanskrit, serbian, slovak, slovenian, spanish, swedish, swis
sgerman, tamil, telugu, turkish, turkmen, ukenglish, ukrainian, uppersorbian, u
senglishmax, welsh, loaded.
("C:\Program Files\MiKTeX 2.9\tex\latex\base\report.cls"
Document Class: report 2007/10/19 v1.4h Standard LaTeX document class
("C:\Program Files\MiKTeX 2.9\tex\latex\base\size11.clo"
File: size11.clo 2007/10/19 v1.4h Standard LaTeX file (size option)
Requested font "cmr10" at 10.95pt
 -> cmr10
)
\c@part=\count80
\c@chapter=\count81
\c@section=\count82
\c@subsection=\count83
\c@subsubsection=\count84
\c@paragraph=\count85
\c@subparagraph=\count86
\c@figure=\count87
\c@table=\count88
\abovecaptionskip=\skip41
\belowcaptionskip=\skip42
\bibindent=\dimen102
)
("C:\Program Files\MiKTeX 2.9\tex\latex\base\inputenc.sty"
Package: inputenc 2008/03/30 v1.1d Input encoding file
\inpenc@prehook=\toks14
\inpenc@posthook=\toks15

("C:\Program Files\MiKTeX 2.9\tex\latex\unicode\utf8x.def"
File: utf8x.def 2004/10/17 UCS: Input encoding UTF-8
))
("C:\Program Files\MiKTeX 2.9\tex\latex\unicode\ucs.sty"
Package: ucs 2004/10/17 UCS: Unicode input support

("C:\Program Files\MiKTeX 2.9\tex\latex\unicode\data\uni-global.def"
File: uni-global.def 2004/10/17 UCS: Unicode global data
)
\uc@secondtry=\count89
\uc@combtoks=\toks16
\uc@combtoksb=\toks17
\uc@temptokena=\toks18
)
("C:\Program Files\MiKTeX 2.9\tex\generic\babel\babel.sty"
Package: babel 2008/07/08 v3.8m The Babel package

*************************************
* Local config file bblopts.cfg used
*
("C:\Program Files\MiKTeX 2.9\tex\latex\00miktex\bblopts.cfg"
File: bblopts.cfg 2006/07/31 v1.0 MiKTeX 'babel' configuration
)
("C:\Program Files\MiKTeX 2.9\tex\generic\babel\english.ldf"
Language: english 2005/03/30 v3.3o English support from the babel system

("C:\Program Files\MiKTeX 2.9\tex\generic\babel\babel.def"
File: babel.def 2008/07/08 v3.8m Babel common definitions
\babel@savecnt=\count90
\U@D=\dimen103
)
\l@canadian = a dialect from \language\l@american 
\l@australian = a dialect from \language\l@british 
\l@newzealand = a dialect from \language\l@british 
))
("C:\Program Files\MiKTeX 2.9\tex\latex\amsfonts\amssymb.sty"
Package: amssymb 2009/06/22 v3.00

("C:\Program Files\MiKTeX 2.9\tex\latex\amsfonts\amsfonts.sty"
Package: amsfonts 2009/06/22 v3.00 Basic AMSFonts support
\@emptytoks=\toks19
\symAMSa=\mathgroup4
\symAMSb=\mathgroup5
LaTeX Font Info:    Overwriting math alphabet `\mathfrak' in version `bold'
(Font)                  U/euf/m/n --> U/euf/b/n on input line 96.
))
("C:\Program Files\MiKTeX 2.9\tex\latex\ams\math\amsmath.sty"
Package: amsmath 2000/07/18 v2.13 AMS math features
\@mathmargin=\skip43

For additional information on amsmath, use the `?' option.
("C:\Program Files\MiKTeX 2.9\tex\latex\ams\math\amstext.sty"
Package: amstext 2000/06/29 v2.01

("C:\Program Files\MiKTeX 2.9\tex\latex\ams\math\amsgen.sty"
File: amsgen.sty 1999/11/30 v2.0
\@emptytoks=\toks20
\ex@=\dimen104
))
("C:\Program Files\MiKTeX 2.9\tex\latex\ams\math\amsbsy.sty"
Package: amsbsy 1999/11/29 v1.2d
\pmbraise@=\dimen105
)
("C:\Program Files\MiKTeX 2.9\tex\latex\ams\math\amsopn.sty"
Package: amsopn 1999/12/14 v2.01 operator names
)
\inf@bad=\count91
LaTeX Info: Redefining \frac on input line 211.
\uproot@=\count92
\leftroot@=\count93
LaTeX Info: Redefining \overline on input line 307.
\classnum@=\count94
\DOTSCASE@=\count95
LaTeX Info: Redefining \ldots on input line 379.
LaTeX Info: Redefining \dots on input line 382.
LaTeX Info: Redefining \cdots on input line 467.
\Mathstrutbox@=\box26
\strutbox@=\box27
\big@size=\dimen106
LaTeX Font Info:    Redeclaring font encoding OML on input line 567.
LaTeX Font Info:    Redeclaring font encoding OMS on input line 568.
\macc@depth=\count96
\c@MaxMatrixCols=\count97
\dotsspace@=\muskip10
\c@parentequation=\count98
\dspbrk@lvl=\count99
\tag@help=\toks21
\row@=\count100
\column@=\count101
\maxfields@=\count102
\andhelp@=\toks22
\eqnshift@=\dimen107
\alignsep@=\dimen108
\tagshift@=\dimen109
\tagwidth@=\dimen110
\totwidth@=\dimen111
\lineht@=\dimen112
\@envbody=\toks23
\multlinegap=\skip44
\multlinetaggap=\skip45
\mathdisplay@stack=\toks24
LaTeX Info: Redefining \[ on input line 2666.
LaTeX Info: Redefining \] on input line 2667.
)
("C:\Program Files\MiKTeX 2.9\tex\latex\graphics\graphicx.sty"
Package: graphicx 1999/02/16 v1.0f Enhanced LaTeX Graphics (DPC,SPQR)

("C:\Program Files\MiKTeX 2.9\tex\latex\graphics\keyval.sty"
Package: keyval 1999/03/16 v1.13 key=value parser (DPC)
\KV@toks@=\toks25
)
("C:\Program Files\MiKTeX 2.9\tex\latex\graphics\graphics.sty"
Package: graphics 2009/02/05 v1.0o Standard LaTeX Graphics (DPC,SPQR)

("C:\Program Files\MiKTeX 2.9\tex\latex\graphics\trig.sty"
Package: trig 1999/03/16 v1.09 sin cos tan (DPC)
)
("C:\Program Files\MiKTeX 2.9\tex\latex\00miktex\graphics.cfg"
File: graphics.cfg 2007/01/18 v1.5 graphics configuration of teTeX/TeXLive
)
Package graphics Info: Driver file: dvips.def on input line 91.

("C:\Program Files\MiKTeX 2.9\tex\latex\graphics\dvips.def"
File: dvips.def 1999/02/16 v3.0i Driver-dependant file (DPC,SPQR)
))
\Gin@req@height=\dimen113
\Gin@req@width=\dimen114
)
("C:\Program Files\MiKTeX 2.9\tex\latex\floatflt\floatflt.sty"
Package: floatflt 1997/07/16 v. 1.31
\c@OptionTest=\count103
\figbox=\box28
\tabbox=\box29
\pagebox=\box30
\ffigcount=\count104
\ftabcount=\count105
\fftest=\count106
\hangcount=\count107
\nosuccesstryfig=\count108
\nosuccesstrytab=\count109
\figgutter=\dimen115
\tabgutter=\dimen116
\htdone=\dimen117
\pageht=\dimen118
\startpageht=\dimen119
\tabbredd=\dimen120
\floatfltwidth=\dimen121
\fltitemwidth=\dimen122
\outputpretest=\toks26
)
("C:\Program Files\MiKTeX 2.9\tex\latex\psfrag\psfrag.sty"
Package: psfrag 1998/04/11 v3.04 PSfrag (MCG)
\pfg@pcount=\count110
\pfg@scount=\count111
\pfg@temp=\write3
)
(C:\Users\zeno\AppData\Roaming\MiKTeX\2.9\tex\latex\subfigure\subfigure.sty
Package: subfigure 2002/07/30 v2.1.4 subfigure package
\subfigtopskip=\skip46
\subfigcapskip=\skip47
\subfigcaptopadj=\dimen123
\subfigbottomskip=\skip48
\subfigcapmargin=\dimen124
\subfiglabelskip=\skip49
\c@subfigure=\count112
\c@lofdepth=\count113
\c@subtable=\count114
\c@lotdepth=\count115

****************************************
* Local config file subfigure.cfg used *
****************************************
(C:\Users\zeno\AppData\Roaming\MiKTeX\2.9\tex\latex\subfigure\subfigure.cfg)
\subfig@top=\skip50
\subfig@bottom=\skip51
)
("C:\Program Files\MiKTeX 2.9\tex\latex\booktabs\booktabs.sty"
Package: booktabs 2005/04/14 v1.61803 publication quality tables
\heavyrulewidth=\dimen125
\lightrulewidth=\dimen126
\cmidrulewidth=\dimen127
\belowrulesep=\dimen128
\belowbottomsep=\dimen129
\aboverulesep=\dimen130
\abovetopsep=\dimen131
\cmidrulesep=\dimen132
\cmidrulekern=\dimen133
\defaultaddspace=\dimen134
\@cmidla=\count116
\@cmidlb=\count117
\@aboverulesep=\dimen135
\@belowrulesep=\dimen136
\@thisruleclass=\count118
\@lastruleclass=\count119
\@thisrulewidth=\dimen137
)
("C:\Program Files\MiKTeX 2.9\tex\latex\siunitx\siunitx.sty"
("C:\Program Files\MiKTeX 2.9\tex\latex\l3kernel\expl3.sty"
("C:\Program Files\MiKTeX 2.9\tex\latex\l3kernel\l3names.sty"
("C:\Program Files\MiKTeX 2.9\tex\latex\l3kernel\l3bootstrap.sty"
Package: l3bootstrap 2011/12/29 v3110 L3 Experimental bootstrap code
)
Package: l3names 2011/12/30 v3113 L3 Experimental namespace for primitives
)
("C:\Program Files\MiKTeX 2.9\tex\latex\misc\etex.sty"
Package: etex 1998/03/26 v2.0 eTeX basic definition package (PEB)
\et@xins=\count120
)
Package: expl3 2012/02/26 v3471 L3 Experimental code bundle wrapper

("C:\Program Files\MiKTeX 2.9\tex\latex\graphics\color.sty"
Package: color 2005/11/14 v1.0j Standard LaTeX Color (DPC)

("C:\Program Files\MiKTeX 2.9\tex\latex\00miktex\color.cfg"
File: color.cfg 2007/01/18 v1.5 color configuration of teTeX/TeXLive
)
Package color Info: Driver file: xetex.def on input line 130.

("C:\Program Files\MiKTeX 2.9\tex\xelatex\xetex-def\xetex.def"
File: xetex.def 2009/11/22 v0.94 LaTeX color/graphics driver for XeTeX (RRM/JK)

))
("C:\Program Files\MiKTeX 2.9\tex\latex\l3kernel\l3basics.sty"
Package: l3basics 2012/02/26 v3460 L3 Experimental basic definitions
)
("C:\Program Files\MiKTeX 2.9\tex\latex\l3kernel\l3expan.sty"
Package: l3expan 2012/02/26 v3460 L3 Experimental argument expansion
)
("C:\Program Files\MiKTeX 2.9\tex\latex\l3kernel\l3tl.sty"
Package: l3tl 2012/02/26 v3460 L3 Experimental token lists
)
("C:\Program Files\MiKTeX 2.9\tex\latex\l3kernel\l3seq.sty"
Package: l3seq 2012/01/09 v3158 L3 Experimental sequences and stacks
)
("C:\Program Files\MiKTeX 2.9\tex\latex\l3kernel\l3int.sty"
Package: l3int 2012/02/26 v3460 L3 Experimental integers
\c_max_int=\count121
\l_tmpa_int=\count122
\l_tmpb_int=\count123
\l_tmpc_int=\count124
\g_tmpa_int=\count125
\g_tmpb_int=\count126
)
("C:\Program Files\MiKTeX 2.9\tex\latex\l3kernel\l3quark.sty"
Package: l3quark 2012/02/12 v3384 L3 Experimental quarks
)
("C:\Program Files\MiKTeX 2.9\tex\latex\l3kernel\l3prg.sty"
Package: l3prg 2012/02/26 v3464 L3 Experimental control structures
\g_prg_map_int=\count127
)
("C:\Program Files\MiKTeX 2.9\tex\latex\l3kernel\l3clist.sty"
Package: l3clist 2012/02/26 v3460 L3 Experimental comma separated lists
)
("C:\Program Files\MiKTeX 2.9\tex\latex\l3kernel\l3token.sty"
Package: l3token 2012/02/26 v3460 L3 Experimental token manipulation
)
("C:\Program Files\MiKTeX 2.9\tex\latex\l3kernel\l3prop.sty"
Package: l3prop 2012/02/26 v3460 L3 Experimental property lists
)
("C:\Program Files\MiKTeX 2.9\tex\latex\l3kernel\l3msg.sty"
Package: l3msg 2012/02/26 v3470 L3 Experimental messages
)
("C:\Program Files\MiKTeX 2.9\tex\latex\l3kernel\l3file.sty"
Package: l3file 2012/02/26 v3464 L3 Experimental file and I/O operations
\l_iow_stream_int=\count128
\l_iow_line_length_int=\count129
\l_iow_target_length_int=\count130
\l_iow_current_line_int=\count131
\l_iow_current_word_int=\count132
\l_iow_current_indentation_int=\count133
)
("C:\Program Files\MiKTeX 2.9\tex\latex\l3kernel\l3skip.sty"
Package: l3skip 2012/02/26 v3460 L3 Experimental dimensions and skips
\l_tmpa_dim=\dimen138
\l_tmpb_dim=\dimen139
\l_tmpc_dim=\dimen140
\g_tmpa_dim=\dimen141
\g_tmpb_dim=\dimen142
\l_tmpa_skip=\skip52
\l_tmpb_skip=\skip53
\l_tmpc_skip=\skip54
\g_tmpa_skip=\skip55
\g_tmpb_skip=\skip56
)
("C:\Program Files\MiKTeX 2.9\tex\latex\l3kernel\l3keys.sty"
Package: l3keys 2011/12/22 v3086 L3 Experimental key-value interfaces
\g_keyval_level_int=\count134
\l_keys_choice_int=\count135
)
("C:\Program Files\MiKTeX 2.9\tex\latex\l3kernel\l3fp.sty"
Package: l3fp 2012/02/06 v3315 L3 Experimental floating-point operations
\c_one_hundred_million=\count136
\c_five_hundred_million=\count137
\c_one_thousand_million=\count138
\c_fp_pi_by_four_decimal_int=\count139
\c_fp_pi_by_four_extended_int=\count140
\c_fp_pi_decimal_int=\count141
\c_fp_pi_extended_int=\count142
\c_fp_two_pi_decimal_int=\count143
\c_fp_two_pi_extended_int=\count144
\l_fp_count_int=\count145
\l_fp_div_offset_int=\count146
\l_fp_exp_integer_int=\count147
\l_fp_exp_decimal_int=\count148
\l_fp_exp_extended_int=\count149
\l_fp_exp_exponent_int=\count150
\l_fp_input_a_sign_int=\count151
\l_fp_input_a_integer_int=\count152
\l_fp_input_a_decimal_int=\count153
\l_fp_input_a_exponent_int=\count154
\l_fp_input_b_sign_int=\count155
\l_fp_input_b_integer_int=\count156
\l_fp_input_b_decimal_int=\count157
\l_fp_input_b_exponent_int=\count158
\l_fp_input_a_extended_int=\count159
\l_fp_input_b_extended_int=\count160
\l_fp_mul_a_i_int=\count161
\l_fp_mul_a_ii_int=\count162
\l_fp_mul_a_iii_int=\count163
\l_fp_mul_a_iv_int=\count164
\l_fp_mul_a_v_int=\count165
\l_fp_mul_a_vi_int=\count166
\l_fp_mul_b_i_int=\count167
\l_fp_mul_b_ii_int=\count168
\l_fp_mul_b_iii_int=\count169
\l_fp_mul_b_iv_int=\count170
\l_fp_mul_b_v_int=\count171
\l_fp_mul_b_vi_int=\count172
\l_fp_mul_output_int=\count173
\l_fp_output_sign_int=\count174
\l_fp_output_integer_int=\count175
\l_fp_output_decimal_int=\count176
\l_fp_output_exponent_int=\count177
\l_fp_output_extended_int=\count178
\l_fp_round_position_int=\count179
\l_fp_round_target_int=\count180
\l_fp_split_sign_int=\count181
\l_fp_internal_int=\count182
\l_fp_trig_octant_int=\count183
\l_fp_trig_sign_int=\count184
\l_fp_trig_decimal_int=\count185
\l_fp_trig_extended_int=\count186
\l_fp_internal_dim=\dimen143
\l_fp_internal_skip=\skip57
)
("C:\Program Files\MiKTeX 2.9\tex\latex\l3kernel\l3box.sty"
Package: l3box 2012/02/18 v3432 L3 Experimental boxes
\l_tmpb_box=\box31
\l_box_top_dim=\dimen144
\l_box_bottom_dim=\dimen145
\l_box_left_dim=\dimen146
\l_box_right_dim=\dimen147
\l_box_top_new_dim=\dimen148
\l_box_bottom_new_dim=\dimen149
\l_box_left_new_dim=\dimen150
\l_box_right_new_dim=\dimen151
\l_box_internal_box=\box32
)
("C:\Program Files\MiKTeX 2.9\tex\latex\l3kernel\l3coffins.sty"
Package: l3coffins 2012/02/26 v3460 L3 Experimental coffin code layer
\l_coffin_internal_box=\box33
\l_coffin_internal_dim=\dimen152
\l_coffin_offset_x_dim=\dimen153
\l_coffin_offset_y_dim=\dimen154
\l_coffin_x_dim=\dimen155
\l_coffin_y_dim=\dimen156
\l_coffin_x_prime_dim=\dimen157
\l_coffin_y_prime_dim=\dimen158
\l_coffin_Depth_dim=\dimen159
\l_coffin_Height_dim=\dimen160
\l_coffin_TotalHeight_dim=\dimen161
\l_coffin_Width_dim=\dimen162
\c_empty_coffin=\box34
\l_coffin_aligned_coffin=\box35
\l_coffin_aligned_internal_coffin=\box36
\l_coffin_bounding_shift_dim=\dimen163
\l_coffin_left_corner_dim=\dimen164
\l_coffin_right_corner_dim=\dimen165
\l_coffin_bottom_corner_dim=\dimen166
\l_coffin_top_corner_dim=\dimen167
\l_coffin_scaled_total_height_dim=\dimen168
\l_coffin_scaled_width_dim=\dimen169
\l_coffin_display_coffin=\box37
\l_coffin_display_coord_coffin=\box38
\l_coffin_display_pole_coffin=\box39
\l_coffin_display_offset_dim=\dimen170
\l_coffin_display_x_dim=\dimen171
\l_coffin_display_y_dim=\dimen172
)
("C:\Program Files\MiKTeX 2.9\tex\latex\l3kernel\l3color.sty"
Package: l3color 2011/09/07 v2776 L3 Experimental colour support
)
("C:\Program Files\MiKTeX 2.9\tex\latex\l3kernel\l3luatex.sty"
Package: l3luatex 2012/02/09 v3355 L3 Experimental LuaTeX-specific functions
\g_cctab_allocate_int=\count187
\g_cctab_stack_int=\count188
))
Package: siunitx 2012/03/23 v2.4l A comprehensive (SI) units package

("C:\Program Files\MiKTeX 2.9\tex\latex\tools\array.sty"
Package: array 2008/09/09 v2.4c Tabular extension package (FMi)
\col@sep=\dimen173
\extrarowheight=\dimen174
\NC@list=\toks27
\extratabsurround=\skip58
\backup@length=\skip59
)
("C:\Program Files\MiKTeX 2.9\tex\latex\l3packages\l3keys2e\l3keys2e.sty"
("C:\Program Files\MiKTeX 2.9\tex\latex\l3packages\xparse\xparse.sty"
Package: xparse 2012/02/26 v3471 L3 Experimental document command parser
\l_xparse_current_arg_int=\count189
\l_xparse_m_args_int=\count190
\l_xparse_mandatory_args_int=\count191
\l_xparse_processor_int=\count192
\l_xparse_v_nesting_int=\count193
)
Package: l3keys2e 2012/02/26 v3471 LaTeX2e option processing using LaTeX3 keys
)
\l_siunitx_tmp_box=\box40
\l_siunitx_tmp_dim=\dimen175
\l_siunitx_tmp_int=\count194
Variant \prop_get:NVNT already defined; not changing it on line 363
Variant \prop_get:NVNF already defined; not changing it on line 364
Variant \prop_get:NVNTF already defined; not changing it on line 365
\l_siunitx_number_mantissa_length_int=\count195
\l_siunitx_number_uncert_length_int=\count196
\l_siunitx_round_int=\count197
\l_siunitx_process_decimal_int=\count198
\l_siunitx_process_uncertainty_int=\count199
\l_siunitx_process_fixed_int=\count200
\l_siunitx_process_integer_min_int=\count201
Normal \count register pool exhausted, switching to extended pool.
\l_siunitx_process_precision_int=\count277
\l_siunitx_group_min_int=\count278
\l_siunitx_angle_marker_box=\box41
\l_siunitx_angle_unit_box=\box42
\l_siunitx_angle_marker_dim=\dimen176
\l_siunitx_angle_unit_dim=\dimen177
\l_siunitx_unit_int=\count279
\l_siunitx_unit_denominator_int=\count280
\l_siunitx_unit_numerator_int=\count281
\l_siunitx_unit_prefix_int=\count282
\l_siunitx_unit_prefix_base_int=\count283
\l_siunitx_unit_prefix_gram_int=\count284
\l_siunitx_number_product_int=\count285
\c_siunitx_one_fill_skip=\skip60
\l_siunitx_table_unit_align_skip=\skip61
\l_siunitx_table_exponent_dim=\dimen178
\l_siunitx_table_integer_dim=\dimen179
\l_siunitx_table_mantissa_dim=\dimen180
\l_siunitx_table_marker_dim=\dimen181
\l_siunitx_table_result_dim=\dimen182
\l_siunitx_table_uncert_dim=\dimen183
\l_siunitx_table_fill_pre_dim=\dimen184
\l_siunitx_table_fill_post_dim=\dimen185
\l_siunitx_table_fill_mid_dim=\dimen186
\l_siunitx_table_pre_box=\box43
\l_siunitx_table_post_box=\box44
\l_siunitx_table_mantissa_box=\box45
\l_siunitx_table_result_box=\box46
\l_siunitx_table_number_align_skip=\skip62
\l_siunitx_table_text_align_skip=\skip63
.................................................
. LaTeX info: "xparse/define-command"
. 
. Defining document command \DeclareBinaryPrefix with arg. spec. 'mmm' on line
. 6970.
.................................................
.................................................
. LaTeX info: "xparse/define-command"
. 
. Defining document command \DeclareSIPostPower with arg. spec. 'mm' on line
. 6973.
.................................................
.................................................
. LaTeX info: "xparse/define-command"
. 
. Defining document command \DeclareSIPrefix with arg. spec. 'mmm' on line
. 6976.
.................................................
.................................................
. LaTeX info: "xparse/define-command"
. 
. Defining document command \DeclareSIPrePower with arg. spec. 'mm' on line
. 6979.
.................................................
.................................................
. LaTeX info: "xparse/define-command"
. 
. Defining document command \DeclareSIQualifier with arg. spec. 'mm' on line
. 6982.
.................................................
.................................................
. LaTeX info: "xparse/define-command"
. 
. Defining document command \DeclareSIUnit with arg. spec. 'O{}mm' on line
. 6985.
.................................................
.................................................
. LaTeX info: "xparse/define-command"
. 
. Defining document command \DeclareSIUnitWithOptions with arg. spec. 'mmm' on
. line 6988.
.................................................
.................................................
. LaTeX info: "xparse/define-command"
. 
. Defining document command \ang with arg. spec. 'o>{\SplitArgument {2}{;}}m'
. on line 7003.
.................................................
.................................................
. LaTeX info: "xparse/define-command"
. 
. Defining document command \num with arg. spec. 'om' on line 7011.
.................................................
.................................................
. LaTeX info: "xparse/define-command"
. 
. Defining document command \numlist with arg. spec. 'o>{\SplitList {;}}m' on
. line 7019.
.................................................
.................................................
. LaTeX info: "xparse/define-command"
. 
. Defining document command \numrange with arg. spec. 'omm' on line 7027.
.................................................
.................................................
. LaTeX info: "xparse/define-command"
. 
. Defining document command \SIlist with arg. spec. 'o>{\SplitList {;}}mm' on
. line 7038.
.................................................
.................................................
. LaTeX info: "xparse/define-command"
. 
. Defining document command \SIrange with arg. spec. 'ommm' on line 7049.
.................................................
.................................................
. LaTeX info: "xparse/define-command"
. 
. Defining document command \SI with arg. spec. 'omom' on line 7060.
.................................................
.................................................
. LaTeX info: "xparse/define-command"
. 
. Defining document command \sisetup with arg. spec. 'm' on line 7063.
.................................................
.................................................
. LaTeX info: "xparse/define-command"
. 
. Defining document command \tablenum with arg. spec. 'om' on line 7075.
.................................................
.................................................
. LaTeX info: "xparse/define-command"
. 
. Defining document command \si with arg. spec. 'om' on line 7086.
.................................................
.................................................
. LaTeX info: "xparse/define-command"
. 
. Defining document command \siunitx_bookmark_num:w with arg. spec. 'om' on
. line 7130.
.................................................
.................................................
. LaTeX info: "xparse/define-command"
. 
. Defining document command \siunitx_bookmark_numrange:w with arg. spec. 'omm'
. on line 7132.
.................................................
.................................................
. LaTeX info: "xparse/define-command"
. 
. Defining document command \siunitx_bookmark_SI:w with arg. spec. 'omom' on
. line 7134.
.................................................
.................................................
. LaTeX info: "xparse/define-command"
. 
. Defining document command \siunitx_bookmark_SIlist:w with arg. spec. 'omm'
. on line 7136.
.................................................
.................................................
. LaTeX info: "xparse/define-command"
. 
. Defining document command \siunitx_bookmark_SIrange:w with arg. spec. 'ommm'
. on line 7138.
.................................................
.................................................
. LaTeX info: "xparse/define-command"
. 
. Defining document command \siunitx_bookmark_si:w with arg. spec. 'om' on
. line 7139.
.................................................
\g_ior_internal_ior=\read1

("C:\Program Files\MiKTeX 2.9\tex\latex\beamer\base\translator\translator.sty"
Package: translator 2010/06/12 ver 1.10

("C:\Program Files\MiKTeX 2.9\tex\latex\beamer\base\translator\translator-langu
age-mappings.tex")))
("C:\Program Files\MiKTeX 2.9\tex\latex\geometry\geometry.sty"
Package: geometry 2010/09/12 v5.6 Page Geometry

("C:\Program Files\MiKTeX 2.9\tex\generic\oberdiek\ifpdf.sty"
Package: ifpdf 2011/01/30 v2.3 Provides the ifpdf switch (HO)
Package ifpdf Info: pdfTeX in PDF mode is not detected.
)
("C:\Program Files\MiKTeX 2.9\tex\generic\oberdiek\ifvtex.sty"
Package: ifvtex 2010/03/01 v1.5 Switches for detecting VTeX and its modes (HO)
Package ifvtex Info: VTeX not detected.
)
("C:\Program Files\MiKTeX 2.9\tex\generic\ifxetex\ifxetex.sty"
Package: ifxetex 2010/09/12 v0.6 Provides ifxetex conditional
)
\Gm@cnth=\count286
\Gm@cntv=\count287
\c@Gm@tempcnt=\count288
\Gm@bindingoffset=\dimen187
\Gm@wd@mp=\dimen188
\Gm@odd@mp=\dimen189
\Gm@even@mp=\dimen190
\Gm@layoutwidth=\dimen191
\Gm@layoutheight=\dimen192
\Gm@layouthoffset=\dimen193
\Gm@layoutvoffset=\dimen194
\Gm@dimlist=\toks28

("C:\Program Files\MiKTeX 2.9\tex\xelatex\xetexconfig\geometry.cfg"))
("C:\Program Files\MiKTeX 2.9\tex\latex\base\textcomp.sty"
Package: textcomp 2005/09/27 v1.99g Standard LaTeX package
Package textcomp Info: Sub-encoding information:
(textcomp)               5 = only ISO-Adobe without \textcurrency
(textcomp)               4 = 5 + \texteuro
(textcomp)               3 = 4 + \textohm
(textcomp)               2 = 3 + \textestimated + \textcurrency
(textcomp)               1 = TS1 - \textcircled - \t
(textcomp)               0 = TS1 (full)
(textcomp)             Font families with sub-encoding setting implement
(textcomp)             only a restricted character set as indicated.
(textcomp)             Family '?' is the default used for unknown fonts.
(textcomp)             See the documentation for details.
Package textcomp Info: Setting ? sub-encoding to TS1/1 on input line 71.

("C:\Program Files\MiKTeX 2.9\tex\latex\base\ts1enc.def"
File: ts1enc.def 2001/06/05 v3.0e (jk/car/fm) Standard LaTeX file
)
LaTeX Info: Redefining \oldstylenums on input line 266.
Package textcomp Info: Setting cmr sub-encoding to TS1/0 on input line 281.
Package textcomp Info: Setting cmss sub-encoding to TS1/0 on input line 282.
Package textcomp Info: Setting cmtt sub-encoding to TS1/0 on input line 283.
Package textcomp Info: Setting cmvtt sub-encoding to TS1/0 on input line 284.
Package textcomp Info: Setting cmbr sub-encoding to TS1/0 on input line 285.
Package textcomp Info: Setting cmtl sub-encoding to TS1/0 on input line 286.
Package textcomp Info: Setting ccr sub-encoding to TS1/0 on input line 287.
Package textcomp Info: Setting ptm sub-encoding to TS1/4 on input line 288.
Package textcomp Info: Setting pcr sub-encoding to TS1/4 on input line 289.
Package textcomp Info: Setting phv sub-encoding to TS1/4 on input line 290.
Package textcomp Info: Setting ppl sub-encoding to TS1/3 on input line 291.
Package textcomp Info: Setting pag sub-encoding to TS1/4 on input line 292.
Package textcomp Info: Setting pbk sub-encoding to TS1/4 on input line 293.
Package textcomp Info: Setting pnc sub-encoding to TS1/4 on input line 294.
Package textcomp Info: Setting pzc sub-encoding to TS1/4 on input line 295.
Package textcomp Info: Setting bch sub-encoding to TS1/4 on input line 296.
Package textcomp Info: Setting put sub-encoding to TS1/5 on input line 297.
Package textcomp Info: Setting uag sub-encoding to TS1/5 on input line 298.
Package textcomp Info: Setting ugq sub-encoding to TS1/5 on input line 299.
Package textcomp Info: Setting ul8 sub-encoding to TS1/4 on input line 300.
Package textcomp Info: Setting ul9 sub-encoding to TS1/4 on input line 301.
Package textcomp Info: Setting augie sub-encoding to TS1/5 on input line 302.
Package textcomp Info: Setting dayrom sub-encoding to TS1/3 on input line 303.
Package textcomp Info: Setting dayroms sub-encoding to TS1/3 on input line 304.

Package textcomp Info: Setting pxr sub-encoding to TS1/0 on input line 305.
Package textcomp Info: Setting pxss sub-encoding to TS1/0 on input line 306.
Package textcomp Info: Setting pxtt sub-encoding to TS1/0 on input line 307.
Package textcomp Info: Setting txr sub-encoding to TS1/0 on input line 308.
Package textcomp Info: Setting txss sub-encoding to TS1/0 on input line 309.
Package textcomp Info: Setting txtt sub-encoding to TS1/0 on input line 310.
Package textcomp Info: Setting lmr sub-encoding to TS1/0 on input line 311.
Package textcomp Info: Setting lmdh sub-encoding to TS1/0 on input line 312.
Package textcomp Info: Setting lmss sub-encoding to TS1/0 on input line 313.
Package textcomp Info: Setting lmssq sub-encoding to TS1/0 on input line 314.
Package textcomp Info: Setting lmvtt sub-encoding to TS1/0 on input line 315.
Package textcomp Info: Setting qhv sub-encoding to TS1/0 on input line 316.
Package textcomp Info: Setting qag sub-encoding to TS1/0 on input line 317.
Package textcomp Info: Setting qbk sub-encoding to TS1/0 on input line 318.
Package textcomp Info: Setting qcr sub-encoding to TS1/0 on input line 319.
Package textcomp Info: Setting qcs sub-encoding to TS1/0 on input line 320.
Package textcomp Info: Setting qpl sub-encoding to TS1/0 on input line 321.
Package textcomp Info: Setting qtm sub-encoding to TS1/0 on input line 322.
Package textcomp Info: Setting qzc sub-encoding to TS1/0 on input line 323.
Package textcomp Info: Setting qhvc sub-encoding to TS1/0 on input line 324.
Package textcomp Info: Setting futs sub-encoding to TS1/4 on input line 325.
Package textcomp Info: Setting futx sub-encoding to TS1/4 on input line 326.
Package textcomp Info: Setting futj sub-encoding to TS1/4 on input line 327.
Package textcomp Info: Setting hlh sub-encoding to TS1/3 on input line 328.
Package textcomp Info: Setting hls sub-encoding to TS1/3 on input line 329.
Package textcomp Info: Setting hlst sub-encoding to TS1/3 on input line 330.
Package textcomp Info: Setting hlct sub-encoding to TS1/5 on input line 331.
Package textcomp Info: Setting hlx sub-encoding to TS1/5 on input line 332.
Package textcomp Info: Setting hlce sub-encoding to TS1/5 on input line 333.
Package textcomp Info: Setting hlcn sub-encoding to TS1/5 on input line 334.
Package textcomp Info: Setting hlcw sub-encoding to TS1/5 on input line 335.
Package textcomp Info: Setting hlcf sub-encoding to TS1/5 on input line 336.
Package textcomp Info: Setting pplx sub-encoding to TS1/3 on input line 337.
Package textcomp Info: Setting pplj sub-encoding to TS1/3 on input line 338.
Package textcomp Info: Setting ptmx sub-encoding to TS1/4 on input line 339.
Package textcomp Info: Setting ptmj sub-encoding to TS1/4 on input line 340.
)
("C:\Program Files\MiKTeX 2.9\tex\latex\mhchem\mhchem.sty"
Package: mhchem 2011/06/03 v3.11 for typesetting chemical formulae

("C:\Program Files\MiKTeX 2.9\tex\latex\base\ifthen.sty"
Package: ifthen 2001/05/26 v1.1c Standard LaTeX ifthen package (DPC)
)
("C:\Program Files\MiKTeX 2.9\tex\latex\tools\calc.sty"
Package: calc 2007/08/22 v4.3 Infix arithmetic (KKT,FJ)
\calc@Acount=\count289
\calc@Bcount=\count290
\calc@Adimen=\dimen195
\calc@Bdimen=\dimen196
\calc@Askip=\skip64
\calc@Bskip=\skip65
LaTeX Info: Redefining \setlength on input line 76.
LaTeX Info: Redefining \addtolength on input line 77.
\calc@Ccount=\count291
\calc@Cskip=\skip66
)
("C:\Program Files\MiKTeX 2.9\tex\latex\oberdiek\twoopt.sty"
Package: twoopt 2008/08/11 v1.5 Definitions with two optional arguments (HO)
)
\tok@mhchem@ce@iii=\toks29
\mhchem@arrowminlength=\skip67
\mhchem@arrows@box=\box47
\mhchem@arrowlength@pgf=\skip68
\mhchem@arrowminlength@pgf=\skip69
\mhchem@bondwidth=\skip70
\mhchem@bondheight=\skip71
\mhchem@smallbondwidth@tmpA=\skip72
\mhchem@smallbondwidth@tmpB=\skip73
\mhchem@smallbondwidth=\skip74
\mhchem@cf@result=\toks30
\mhchem@cf@element=\toks31
\mhchem@cf@amount=\toks32
\mhchem@cf@sup=\toks33
\mhchem@cf@presub=\toks34
\mhchem@cf@presup=\toks35
\mhchem@cf@replaceMath@result=\toks36
\mhchem@cf@replaceMathMinusDot@result=\toks37
\mhchem@prepostscript@tmp@i=\skip75
\mhchem@prepostscript@tmp@ii=\skip76
\mhchem@mathbox@tmp@i=\skip77
\mhchem@mathbox@tmp@ii=\skip78
\mhchem@minispace@tmp=\skip79
\mhchem@option@minussidebearingleft=\skip80
\mhchem@option@minussidebearingright=\skip81
)
("C:\Program Files\MiKTeX 2.9\tex\latex\tools\multicol.sty"
Package: multicol 2011/06/27 v1.7a multicolumn formatting (FMi)
\c@tracingmulticols=\count292
\mult@box=\box48
\multicol@leftmargin=\dimen197
\c@unbalance=\count293
\c@collectmore=\count294
\doublecol@number=\count295
\multicoltolerance=\count296
\multicolpretolerance=\count297
\full@width=\dimen198
\page@free=\dimen199
\premulticols=\dimen200
\postmulticols=\dimen201
\multicolsep=\skip82
\multicolbaselineskip=\skip83
\partial@page=\box49
\last@line=\box50
\mult@rightbox=\box51
\mult@grightbox=\box52
\mult@gfirstbox=\box53
\mult@firstbox=\box54
\@tempa=\box55
\@tempa=\box56
\@tempa=\box57
\@tempa=\box58
\@tempa=\box59
\@tempa=\box60
\@tempa=\box61
\@tempa=\box62
\@tempa=\box63
\@tempa=\box64
\@tempa=\box65
\@tempa=\box66
\@tempa=\box67
\@tempa=\box68
\@tempa=\box69
\@tempa=\box70
\@tempa=\box71
\c@columnbadness=\count298
\c@finalcolumnbadness=\count299
Normal \dimen register pool exhausted, switching to extended pool.
\last@try=\dimen256
\multicolovershoot=\dimen257
\multicolundershoot=\dimen258
\mult@nat@firstbox=\box72
\colbreak@box=\box73
\multicol@sort@counter=\count300
)
("C:\Program Files\MiKTeX 2.9\tex\latex\hyperref\hyperref.sty"
Package: hyperref 2011/12/04 v6.82m Hypertext links for LaTeX

("C:\Program Files\MiKTeX 2.9\tex\generic\oberdiek\hobsub-hyperref.sty"
Package: hobsub-hyperref 2011/04/23 v1.4 Bundle oberdiek, subset hyperref (HO)

("C:\Program Files\MiKTeX 2.9\tex\generic\oberdiek\hobsub-generic.sty"
Package: hobsub-generic 2011/04/23 v1.4 Bundle oberdiek, subset generic (HO)
Package: hobsub 2011/04/23 v1.4 Subsetting bundle oberdiek (HO)
Package: infwarerr 2010/04/08 v1.3 Providing info/warning/message (HO)
Package: ltxcmds 2011/04/18 v1.20 LaTeX kernel commands for general use (HO)
Package: ifluatex 2010/03/01 v1.3 Provides the ifluatex switch (HO)
Package ifluatex Info: LuaTeX not detected.
Package hobsub Info: Skipping package `ifvtex' (already loaded).
Package: intcalc 2007/09/27 v1.1 Expandable integer calculations (HO)
Package hobsub Info: Skipping package `ifpdf' (already loaded).
Package: etexcmds 2011/02/16 v1.5 Prefix for e-TeX command names (HO)
Package etexcmds Info: Could not find \expanded.
(etexcmds)             That can mean that you are not using pdfTeX 1.50 or
(etexcmds)             that some package has redefined \expanded.
(etexcmds)             In the latter case, load this package earlier.
Package: kvsetkeys 2011/04/07 v1.13 Key value parser (HO)
Package: kvdefinekeys 2011/04/07 v1.3 Defining keys (HO)
Package: pdftexcmds 2011/04/22 v0.16 Utilities of pdfTeX for LuaTeX (HO)
Package pdftexcmds Info: LuaTeX not detected.
Package pdftexcmds Info: pdfTeX >= 1.30 not detected.
Package pdftexcmds Info: \pdf@primitive is available.
Package pdftexcmds Info: \pdf@ifprimitive is available.
Package pdftexcmds Info: \pdfdraftmode not found.
Package: pdfescape 2011/04/04 v1.12 Provides string conversions (HO)
Package: bigintcalc 2011/01/30 v1.2 Expandable big integer calculations (HO)
Package: bitset 2011/01/30 v1.1 Data type bit set (HO)
Package: uniquecounter 2011/01/30 v1.2 Provides unlimited unique counter (HO)
)
Package hobsub Info: Skipping package `hobsub' (already loaded).
Package: letltxmacro 2010/09/02 v1.4 Let assignment for LaTeX macros (HO)
Package: hopatch 2011/01/30 v1.0 Wrapper for package hooks (HO)
Package: xcolor-patch 2011/01/30 xcolor patch
Package: atveryend 2011/04/23 v1.7 Hooks at very end of document (HO)
Package: atbegshi 2011/01/30 v1.15 At begin shipout hook (HO)
Package: refcount 2010/12/01 v3.2 Data extraction from references (HO)
Package: hycolor 2011/01/30 v1.7 Color options of hyperref/bookmark (HO)
)
("C:\Program Files\MiKTeX 2.9\tex\latex\oberdiek\kvoptions.sty"
Package: kvoptions 2010/12/23 v3.10 Keyval support for LaTeX options (HO)
)
\@linkdim=\dimen259
\Hy@linkcounter=\count301
\Hy@pagecounter=\count302

("C:\Program Files\MiKTeX 2.9\tex\latex\hyperref\pd1enc.def"
File: pd1enc.def 2011/12/04 v6.82m Hyperref: PDFDocEncoding definition (HO)
)
\Hy@SavedSpaceFactor=\count303

("C:\Program Files\MiKTeX 2.9\tex\latex\00miktex\hyperref.cfg"
File: hyperref.cfg 2002/06/06 v1.2 hyperref configuration of TeXLive
)
Package hyperref Info: Hyper figures OFF on input line 4046.
Package hyperref Info: Link nesting OFF on input line 4051.
Package hyperref Info: Hyper index ON on input line 4054.
Package hyperref Info: Plain pages OFF on input line 4061.
Package hyperref Info: Backreferencing OFF on input line 4066.
Package hyperref Info: Implicit mode ON; LaTeX internals redefined.
Package hyperref Info: Bookmarks ON on input line 4284.
\c@Hy@tempcnt=\count304

("C:\Program Files\MiKTeX 2.9\tex\xelatex\xetexurl\url.sty"
\Urlmuskip=\muskip11
Package: url 2004/03/15  ver 3.1  Verb mode for urls, etc.
)
LaTeX Info: Redefining \url on input line 4637.
\Fld@menulength=\count305
\Field@Width=\dimen260
\Fld@charsize=\dimen261
Package hyperref Info: Hyper figures OFF on input line 5757.
Package hyperref Info: Link nesting OFF on input line 5762.
Package hyperref Info: Hyper index ON on input line 5765.
Package hyperref Info: backreferencing OFF on input line 5772.
Package hyperref Info: Link coloring OFF on input line 5777.
Package hyperref Info: Link coloring with OCG OFF on input line 5782.
Package hyperref Info: PDF/A mode OFF on input line 5787.
LaTeX Info: Redefining \ref on input line 5827.
LaTeX Info: Redefining \pageref on input line 5831.
\Hy@abspage=\count306
\c@Item=\count307
\c@Hfootnote=\count308
)

Package hyperref Message: Driver (autodetected): hxetex.

("C:\Program Files\MiKTeX 2.9\tex\latex\hyperref\hxetex.def"
File: hxetex.def 2011/12/04 v6.82m Hyperref driver for XeTeX

("C:\Program Files\MiKTeX 2.9\tex\latex\hyperref\puenc.def"
File: puenc.def 2011/12/04 v6.82m Hyperref: PDF Unicode definition (HO)
)
("C:\Program Files\MiKTeX 2.9\tex\generic\oberdiek\stringenc.sty"
Package: stringenc 2010/03/01 v1.8 Converts strings between encodings (HO)
)
\pdfm@box=\box74
\c@Hy@AnnotLevel=\count309
\HyField@AnnotCount=\count310
\Fld@listcount=\count311
\c@bookmark@seq@number=\count312

("C:\Program Files\MiKTeX 2.9\tex\latex\oberdiek\rerunfilecheck.sty"
Package: rerunfilecheck 2011/04/15 v1.7 Rerun checks for auxiliary files (HO)
Package rerunfilecheck Info: Feature \pdfmdfivesum is not available
(rerunfilecheck)             (e.g. pdfTeX or LuaTeX with package `pdftexcmds').

(rerunfilecheck)             Therefore file contents cannot be checked efficien
tly
(rerunfilecheck)             and the loading of the package is aborted.
)
\Hy@SectionHShift=\skip84
)
("C:\Program Files\MiKTeX 2.9\tex\latex\cleveref\cleveref.sty"
Package: cleveref 2013/03/22 v0.18.9 Intelligent cross-referencing
Package cleveref Info: `hyperref' support loaded on input line 2163.
LaTeX Info: Redefining \cref on input line 2163.
LaTeX Info: Redefining \Cref on input line 2163.
LaTeX Info: Redefining \crefrange on input line 2163.
LaTeX Info: Redefining \Crefrange on input line 2163.
LaTeX Info: Redefining \cpageref on input line 2163.
LaTeX Info: Redefining \Cpageref on input line 2163.
LaTeX Info: Redefining \cpagerefrange on input line 2163.
LaTeX Info: Redefining \Cpagerefrange on input line 2163.
LaTeX Info: Redefining \labelcref on input line 2163.
LaTeX Info: Redefining \labelcpageref on input line 2163.
Package cleveref Info: always capitalise cross-reference names on input line 73
63.
Package cleveref Info: include cross-reference names in hyperlinks on input lin
e 7369.
Package cleveref Info: include cross-reference names in hyperlinks on input lin
e 7386.
Package cleveref Info: always capitalise cross-reference names on input line 73
86.
)
("C:\Program Files\MiKTeX 2.9\tex\latex\pstricks\pstricks.sty"
Package: pstricks 2011/10/31 v0.52 LaTeX wrapper for `PSTricks' (RN,HV)

("C:\Program Files\MiKTeX 2.9\tex\generic\pstricks\base\pstricks.tex"
("C:\Program Files\MiKTeX 2.9\tex\generic\xkeyval\pst-xkey.tex"
File: pst-xkey.tex 2005/11/25 v1.6 PSTricks specialization of xkeyval (HA)

("C:\Program Files\MiKTeX 2.9\tex\latex\xkeyval\xkeyval.sty"
Package: xkeyval 2008/08/13 v2.6a package option processing (HA)

("C:\Program Files\MiKTeX 2.9\tex\generic\xkeyval\xkeyval.tex"
\XKV@toks=\toks38
\XKV@tempa@toks=\toks39
\XKV@depth=\count313
File: xkeyval.tex 2008/08/13 v2.6a key=value parser (HA)
)))
("C:\Program Files\MiKTeX 2.9\tex\generic\pstricks\base\pst-fp.tex"
`pst-fp' v0.05, 2010/01/17 (hv)
\pstFP@xs=\count314
\pstFP@xia=\count315
\pstFP@xib=\count316
\pstFP@xfa=\count317
\pstFP@xfb=\count318
\pstFP@rega=\count319
\pstFP@regb=\count320
\pstFP@regs=\count321
\pstFP@times=\count322
)
\psLoopIndex=\count323

`PSTricks' v2.23  <2011/09/04> (tvz)
\pst@dima=\dimen262
\pst@dimb=\dimen263
\pst@dimc=\dimen264
\pst@dimd=\dimen265
\pst@dimg=\dimen266
\pst@dimh=\dimen267
\pst@dimm=\dimen268
\pst@dimn=\dimen269
\pst@dimo=\dimen270
\pst@dimp=\dimen271
\pst@hbox=\box75
\pst@ibox=\box76
\pst@boxg=\box77
\pst@cnta=\count324
\pst@cntb=\count325
\pst@cntc=\count326
\pst@cntd=\count327
\pst@cntg=\count328
\pst@cnth=\count329
\pst@cntm=\count330
\pst@cntn=\count331
\pst@cnto=\count332
\pst@cntp=\count333
\@zero=\count334
\pst@toks=\toks40
("C:\Program Files\MiKTeX 2.9\tex\xelatex\xetex-pstricks\pstricks.con"
("C:\Program Files\MiKTeX 2.9\tex\generic\pstricks\config\xdvipdfmx.cfg"))
\psunit=\dimen272
\psxunit=\dimen273
\psyunit=\dimen274
\pst@C@@rType=\count335
\pslinewidth=\dimen275
\psk@startLW=\dimen276
\psk@endLW=\dimen277
\pst@customdefs=\toks41
\pslinearc=\dimen278
\pst@symbolStep=\dimen279
\pst@symbolWidth=\dimen280
\everypsbox=\toks42
\psframesep=\dimen281
\pslabelsep=\dimen282
\pst@shift=\dimen283
\theoverlaybox=\box78

("C:\Program Files\MiKTeX 2.9\tex\xelatex\xetex-pstricks\pstricks.con"
("C:\Program Files\MiKTeX 2.9\tex\generic\pstricks\config\xdvipdfmx.cfg"
Using PSTricks configuration for XeTeX+xdvipdfmx
)))
File: pstricks.tex 2011/09/04 v2.23 `PSTricks' (tvz,hv)
 ("C:\Program Files\MiKTeX 2.9\tex\generic\pstricks\base\pst-fp.tex")
File: pst-fp.tex 2011/09/04 v2.23 `PST-fp' (hv)

("C:\Program Files\MiKTeX 2.9\tex\latex\xcolor\xcolor.sty"
Package: xcolor 2007/01/21 v2.11 LaTeX color extensions (UK)

("C:\Program Files\MiKTeX 2.9\tex\latex\00miktex\color.cfg"
File: color.cfg 2007/01/18 v1.5 color configuration of teTeX/TeXLive
)
Package xcolor Info: Package option `usenames' ignored on input line 216.
Package xcolor Info: Driver file: xetex.def on input line 225.
LaTeX Info: Redefining \color on input line 702.
Package xcolor Info: Model `cmy' substituted by `cmy0' on input line 1337.
Package xcolor Info: Model `RGB' extended on input line 1353.
Package xcolor Info: Model `HTML' substituted by `rgb' on input line 1355.
Package xcolor Info: Model `Hsb' substituted by `hsb' on input line 1356.
Package xcolor Info: Model `tHsb' substituted by `hsb' on input line 1357.
Package xcolor Info: Model `HSB' substituted by `hsb' on input line 1358.
Package xcolor Info: Model `Gray' substituted by `gray' on input line 1359.
Package xcolor Info: Model `wave' substituted by `hsb' on input line 1360.

("C:\Program Files\MiKTeX 2.9\tex\latex\graphics\dvipsnam.def"
File: dvipsnam.def 1999/02/16 v3.0i Driver-dependant file (DPC,SPQR)
)))
("C:\Program Files\MiKTeX 2.9\tex\latex\graphics\epsfig.sty"
Package: epsfig 1999/02/16 v1.7a (e)psfig emulation (SPQR)
\epsfxsize=\dimen284
\epsfysize=\dimen285
)
("C:\Program Files\MiKTeX 2.9\tex\latex\pst-grad\pst-grad.sty"
Package: pst-grad 2004/07/15 package wrapper for pst-grad.tex (hv)

("C:\Program Files\MiKTeX 2.9\tex\generic\pst-grad\pst-grad.tex"
`pst-grad' v1.06, 2006/11/27 (tvz,dg,hv))
File: pst-grad.tex 2006/11/27 1.06 `pst-grad' (tvz)
)
("C:\Program Files\MiKTeX 2.9\tex\latex\pst-plot\pst-plot.sty"
Package: pst-plot 2011/06/05 v1.00 LaTeX wrapper for `pst-plot' (HV)

("C:\Program Files\MiKTeX 2.9\tex\latex\xkeyval\pst-xkey.sty"
Package: pst-xkey 2005/11/25 v1.6 package wrapper for pst-xkey.tex (HA)
)
("C:\Program Files\MiKTeX 2.9\tex\latex\multido\multido.sty"
Package: multido 2004/05/17 package wrapper for PSTricks `multido.tex', (HV/RN)


("C:\Program Files\MiKTeX 2.9\tex\generic\multido\multido.tex"
 v1.42, 2010/05/14 <tvz>
\multido@count=\count336
\multidocount=\count337
\multido@stuff=\toks43
)
File: multido.tex 2010/05/14 v1.42 `multido' (tvz,hv)
)
Package: pst-plot 2011/04/13 package wrapper for pst-plot.tex (hv)

("C:\Program Files\MiKTeX 2.9\tex\generic\pst-plot\pst-plot.tex"
 v1.47, 2013/07/08 (tvz,hv)
\pstRadUnit=\dimen286
\pstRadUnitInv=\dimen287
\pst@linecnt=\count338
\RCD@file=\read2
\psxlabelsep=\dimen288
\psylabelsep=\dimen289
\psk@subticksize=\dimen290
\pst@xticksizeA=\dimen291
\pst@xticksizeB=\dimen292
\pst@xticksizeC=\dimen293
\pst@yticksizeA=\dimen294
\pst@yticksizeB=\dimen295
\pst@yticksizeC=\dimen296
\@digitcounter=\count339
\psk@llx=\dimen297
\psk@lly=\dimen298
\psk@urx=\dimen299
\psk@ury=\dimen300
\pst@xunit=\dimen301
\pst@yunit=\dimen302
)
File: pst-plot.tex 2013/07/08 1.47 `pst-plot' (tvz,hv)
)
("C:\Program Files\MiKTeX 2.9\tex\latex\caption\caption.sty"
Package: caption 2011/11/10 v3.2e Customizing captions (AR)

("C:\Program Files\MiKTeX 2.9\tex\latex\caption\caption3.sty"
Package: caption3 2011/11/01 v1.4a caption3 kernel (AR)
\captionmargin=\dimen303
\captionmargin@=\dimen304
\captionwidth=\dimen305
\caption@indent=\dimen306
\caption@parindent=\dimen307
\caption@hangindent=\dimen308
)
\c@ContinuedFloat=\count340
Package caption Info: floatflt package is loaded.
Package caption Info: hyperref package is loaded.
Package caption Info: subfigure package is loaded.
)
("C:\Program Files\MiKTeX 2.9\tex\latex\graphics\lscape.sty"
Package: lscape 2000/10/22 v3.01 Landscape Pages (DPC)
)
("C:\Program Files\MiKTeX 2.9\tex\latex\fancyhdr\fancyhdr.sty"
\fancy@headwidth=\skip85
\f@ncyO@elh=\skip86
\f@ncyO@erh=\skip87
\f@ncyO@olh=\skip88
\f@ncyO@orh=\skip89
\f@ncyO@elf=\skip90
\f@ncyO@erf=\skip91
\f@ncyO@olf=\skip92
\f@ncyO@orf=\skip93
)
("C:\Program Files\MiKTeX 2.9\tex\latex\wrapfig\wrapfig.sty"
\wrapoverhang=\dimen309
\WF@size=\dimen310
\c@WF@wrappedlines=\count341
\WF@box=\box79
\WF@everypar=\toks44
Package: wrapfig 2003/01/31  v 3.6
)
("C:\Users\zeno\Desktop\V anno\Experimental Physics\Photoacoustic final experie
nce\reportex\report.aux")
LaTeX Font Info:    Checking defaults for OML/cmm/m/it on input line 57.
LaTeX Font Info:    ... okay on input line 57.
LaTeX Font Info:    Checking defaults for T1/cmr/m/n on input line 57.
LaTeX Font Info:    ... okay on input line 57.
LaTeX Font Info:    Checking defaults for OT1/cmr/m/n on input line 57.
LaTeX Font Info:    ... okay on input line 57.
LaTeX Font Info:    Checking defaults for OMS/cmsy/m/n on input line 57.
LaTeX Font Info:    ... okay on input line 57.
LaTeX Font Info:    Checking defaults for OMX/cmex/m/n on input line 57.
LaTeX Font Info:    ... okay on input line 57.
LaTeX Font Info:    Checking defaults for U/cmr/m/n on input line 57.
LaTeX Font Info:    ... okay on input line 57.
LaTeX Font Info:    Checking defaults for TS1/cmr/m/n on input line 57.
LaTeX Font Info:    Try loading font information for TS1+cmr on input line 57.
 ("C:\Program Files\MiKTeX 2.9\tex\latex\base\ts1cmr.fd"
File: ts1cmr.fd 1999/05/25 v2.5h Standard LaTeX font definitions
)
LaTeX Font Info:    ... okay on input line 57.
LaTeX Font Info:    Checking defaults for PD1/pdf/m/n on input line 57.
LaTeX Font Info:    ... okay on input line 57.
LaTeX Font Info:    Checking defaults for PU/pdf/m/n on input line 57.
LaTeX Font Info:    ... okay on input line 57.
 ("C:\Program Files\MiKTeX 2.9\tex\latex\unicode\ucsencs.def"
File: ucsencs.def 2003/11/29 Fixes to fontencodings LGR, T3
)
("C:\Program Files\MiKTeX 2.9\tex\latex\beamer\base\translator\dicts\translator
-basic-dictionary-English.dict"
Dictionary: translator-basic-dictionary, Language: English 
)
("C:\Program Files\MiKTeX 2.9\tex\latex\siunitx\config\siunitx-abbreviations.cf
g"
File: siunitx-abbreviations.cfg 2012/03/23 v2.4l siunitx: Abbreviated units
) ("C:\Program Files\MiKTeX 2.9\tex\latex\siunitx\config\siunitx-binary.cfg"
File: siunitx-binary.cfg 2012/03/23 v2.4l siunitx: Binary units
)
*geometry* detected driver: pdftex
*geometry* verbose mode - [ preamble ] result:
* driver: pdftex
* paper: a4paper
* layout: <same size as paper>
* layoutoffset:(h,v)=(0.0pt,0.0pt)
* hratio: 1:1
* vratio: 1:1
* modes: 
* h-part:(L,W,R)=(93.95122pt, 409.60544pt, 93.95122pt)
* v-part:(T,H,B)=(93.95122pt, 657.14441pt, 93.95122pt)
* \paperwidth=597.50787pt
* \paperheight=845.04684pt
* \textwidth=409.60544pt
* \textheight=657.14441pt
* \oddsidemargin=21.68123pt
* \evensidemargin=21.68123pt
* \topmargin=-15.31877pt
* \headheight=25.6pt
* \headsep=25.0pt
* \topskip=11.0pt
* \footskip=30.0pt
* \marginparwidth=50.0pt
* \marginparsep=10.0pt
* \columnsep=10.0pt
* \skip\footins=10.0pt plus 4.0pt minus 2.0pt
* \hoffset=0.0pt
* \voffset=0.0pt
* \mag=1000
* \@twocolumnfalse
* \@twosidefalse
* \@mparswitchfalse
* \@reversemarginfalse
* (1in=72.27pt=25.4mm, 1cm=28.453pt)

\AtBeginShipoutBox=\box80
Package hyperref Info: Link coloring OFF on input line 57.
("C:\Program Files\MiKTeX 2.9\tex\latex\hyperref\nameref.sty"
Package: nameref 2010/04/30 v2.40 Cross-referencing by name of section

("C:\Program Files\MiKTeX 2.9\tex\generic\oberdiek\gettitlestring.sty"
Package: gettitlestring 2010/12/03 v1.4 Cleanup title references (HO)
)
\c@section@level=\count342
)
LaTeX Info: Redefining \ref on input line 57.
LaTeX Info: Redefining \pageref on input line 57.
LaTeX Info: Redefining \nameref on input line 57.

("C:\Users\zeno\Desktop\V anno\Experimental Physics\Photoacoustic final experie
nce\reportex\report.out")
("C:\Users\zeno\Desktop\V anno\Experimental Physics\Photoacoustic final experie
nce\reportex\report.out")
\@outlinefile=\write4
Package caption Info: Begin \AtBeginDocument code.
Package caption Info: wrapfig package is loaded.
Package caption Info: End \AtBeginDocument code.
\c_siunitx_mathsf_int=\count343
Requested font "cmr8" at 8.0pt
 -> cmr8
Requested font "cmr6" at 6.0pt
 -> cmr6
Requested font "cmmi10" at 10.95pt
 -> cmmi10
Requested font "cmmi8" at 8.0pt
 -> cmmi8
Requested font "cmmi6" at 6.0pt
 -> cmmi6
Requested font "cmsy10" at 10.95pt
 -> cmsy10
Requested font "cmsy8" at 8.0pt
 -> cmsy8
Requested font "cmsy6" at 6.0pt
 -> cmsy6
Requested font "cmex10" at 10.95pt
 -> cmex10
Requested font "cmex8" at 8.0pt
 -> cmex8
Requested font "cmex7" at 6.0pt
 -> cmex7
LaTeX Font Info:    Try loading font information for U+msa on input line 57.

("C:\Program Files\MiKTeX 2.9\tex\latex\amsfonts\umsa.fd"
File: umsa.fd 2009/06/22 v3.00 AMS symbols A
)
Requested font "msam10" at 10.95pt
 -> msam10
Requested font "msam10" at 8.0pt
 -> msam10
Requested font "msam7" at 6.0pt
 -> msam7
LaTeX Font Info:    Try loading font information for U+msb on input line 57.

("C:\Program Files\MiKTeX 2.9\tex\latex\amsfonts\umsb.fd"
File: umsb.fd 2009/06/22 v3.00 AMS symbols B
)
Requested font "msbm10" at 10.95pt
 -> msbm10
Requested font "msbm10" at 8.0pt
 -> msbm10
Requested font "msbm7" at 6.0pt
 -> msbm7
Requested font "cmss10" at 10.95pt
 -> cmss10
Requested font "cmss8" at 8.0pt
 -> cmss8
Requested font "cmss8" at 6.0pt
 -> cmss8
\c_siunitx_mathtt_int=\count344
Requested font "cmtt10" at 10.95pt
 -> cmtt10
Requested font "cmtt8" at 8.0pt
 -> cmtt8
Requested font "cmtt8" at 6.0pt
 -> cmtt8
Requested font "cmr17" at 17.28pt
 -> cmr17
Requested font "cmr12" at 12.0pt
 -> cmr12
Requested font "cmmi12" at 17.28pt
 -> cmmi12
Requested font "cmmi12" at 12.0pt
 -> cmmi12
Requested font "cmsy10" at 17.28pt
 -> cmsy10
Requested font "cmsy10" at 12.0pt
 -> cmsy10
Requested font "cmex10" at 17.28pt
 -> cmex10
Requested font "cmex10" at 12.0pt
 -> cmex10
Requested font "cmss17" at 17.28pt
 -> cmss17
Requested font "cmss12" at 12.0pt
 -> cmss12
Requested font "cmss10" at 10.0pt
 -> cmss10
Requested font "cmtt12" at 17.28pt
 -> cmtt12
Requested font "cmtt12" at 12.0pt
 -> cmtt12
Requested font "cmtt10" at 10.0pt
 -> cmtt10
Requested font "msam10" at 17.28pt
 -> msam10
Requested font "msam10" at 12.0pt
 -> msam10
Requested font "msam10" at 10.0pt
 -> msam10
Requested font "msbm10" at 17.28pt
 -> msbm10
Requested font "msbm10" at 12.0pt
 -> msbm10
Requested font "msbm10" at 10.0pt
 -> msbm10
LaTeX Info: Redefining \bond on input line 59.
LaTeX Info: Redefining \dbond on input line 59.
LaTeX Info: Redefining \tbond on input line 59.

("C:\Program Files\MiKTeX 2.9\tex\generic\oberdiek\se-ascii-print.def"
File: se-ascii-print.def 2010/03/01 v1.8 stringenc: Printable ASCII characters
)
[1

]
Requested font "cmr17" at 24.88pt
 -> cmr17
Requested font "cmbx12" at 24.88pt
 -> cmbx12

("C:\Users\zeno\Desktop\V anno\Experimental Physics\Photoacoustic final experie
nce\reportex\report.toc"
Requested font "cmbx10" at 10.95pt
 -> cmbx10
LaTeX Info: Redefining \bond on input line 17.
LaTeX Info: Redefining \dbond on input line 17.
LaTeX Info: Redefining \tbond on input line 17.
 [1

])
\tf@toc=\write5

("C:\Users\zeno\Desktop\V anno\Experimental Physics\Photoacoustic final experie
nce\reportex\abstract.tex" [2]
LaTeX Info: Redefining \bond on input line 5.
LaTeX Info: Redefining \dbond on input line 5.
LaTeX Info: Redefining \tbond on input line 5.
 [1])
("C:\Users\zeno\Desktop\V anno\Experimental Physics\Photoacoustic final experie
nce\reportex\introduction.tex"
LaTeX Info: Redefining \bond on input line 4.
LaTeX Info: Redefining \dbond on input line 4.
LaTeX Info: Redefining \tbond on input line 4.
File: eps/photoacoustics.eps Graphic file (type eps)
 <eps/photoacoustics.eps>
Requested font "cmbx10" at 10.0pt
 -> cmbx10
)
("C:\Users\zeno\Desktop\V anno\Experimental Physics\Photoacoustic final experie
nce\reportex\description.tex" [1

]
Chapter 1.
Requested font "cmr17" at 20.74pt
 -> cmr17
Requested font "cmbx12" at 20.74pt
 -> cmbx12
Requested font "cmr12" at 14.4pt
 -> cmr12
Requested font "cmbx12" at 14.4pt
 -> cmbx12
Requested font "tcrm1095" at 10.95pt
 -> tcrm1095
Requested font "cmr9" at 9.0pt
 -> cmr9
Requested font "cmmi9" at 9.0pt
 -> cmmi9
Requested font "cmsy9" at 9.0pt
 -> cmsy9
Requested font "cmex9" at 9.0pt
 -> cmex9
Requested font "cmex7" at 5.0pt
 -> cmex7
Requested font "cmss9" at 9.0pt
 -> cmss9
Requested font "cmss8" at 5.0pt
 -> cmss8
Requested font "cmtt9" at 9.0pt
 -> cmtt9
Requested font "cmtt8" at 5.0pt
 -> cmtt8
Requested font "msam10" at 9.0pt
 -> msam10
Requested font "msam5" at 5.0pt
 -> msam5
Requested font "msbm10" at 9.0pt
 -> msbm10
Requested font "msbm5" at 5.0pt
 -> msbm5
Requested font "cmti10" at 10.95pt
 -> cmti10
Requested font "tcrm0800" at 8.0pt
 -> tcrm0800
LaTeX Info: Redefining \bond on input line 34.
LaTeX Info: Redefining \dbond on input line 34.
LaTeX Info: Redefining \tbond on input line 34.
[2

] [3]
LaTeX Info: Redefining \bond on input line 41.
LaTeX Info: Redefining \dbond on input line 41.
LaTeX Info: Redefining \tbond on input line 41.
 [4])
("C:\Users\zeno\Desktop\V anno\Experimental Physics\Photoacoustic final experie
nce\reportex\issues.tex" [5]
Chapter 2.
[6

] [7]
Requested font "cmti9" at 9.0pt
 -> cmti9
 [8])
("C:\Users\zeno\Desktop\V anno\Experimental Physics\Photoacoustic final experie
nce\reportex\measurements.tex" [9]
Chapter 3.
LaTeX Info: Redefining \bond on input line 8.
LaTeX Info: Redefining \dbond on input line 8.
LaTeX Info: Redefining \tbond on input line 8.
Requested font "cmbx12" at 12.0pt
 -> cmbx12

("C:\Users\zeno\Desktop\V anno\Experimental Physics\Photoacoustic final experie
nce\reportex\chamber.tex"
File: chamber.eps Graphic file (type eps)
 <chamber.eps>) [10

]
LaTeX Info: Redefining \bond on input line 19.
LaTeX Info: Redefining \dbond on input line 19.
LaTeX Info: Redefining \tbond on input line 19.
 [11]
LaTeX Info: Redefining \bond on input line 29.
LaTeX Info: Redefining \dbond on input line 29.
LaTeX Info: Redefining \tbond on input line 29.
Requested font "cmcsc10" at 9.0pt
 -> cmcsc10
LaTeX Info: Redefining \bond on input line 31.
LaTeX Info: Redefining \dbond on input line 31.
LaTeX Info: Redefining \tbond on input line 31.
Requested font "cmmi12" at 14.4pt
 -> cmmi12
Requested font "cmsy10" at 14.4pt
 -> cmsy10
Requested font "cmex10" at 14.4pt
 -> cmex10
Requested font "cmex7" at 7.0pt
 -> cmex7
Requested font "cmss12" at 14.4pt
 -> cmss12
Requested font "cmss8" at 7.0pt
 -> cmss8
Requested font "cmtt12" at 14.4pt
 -> cmtt12
Requested font "cmtt8" at 7.0pt
 -> cmtt8
Requested font "msam10" at 14.4pt
 -> msam10
Requested font "msam7" at 7.0pt
 -> msam7
Requested font "msbm10" at 14.4pt
 -> msbm10
Requested font "msbm7" at 7.0pt
 -> msbm7
LaTeX Info: Redefining \bond on input line 33.
LaTeX Info: Redefining \dbond on input line 33.
LaTeX Info: Redefining \tbond on input line 33.
Requested font "cmbx7" at 7.0pt
 -> cmbx7
LaTeX Info: Redefining \bond on input line 34.
LaTeX Info: Redefining \dbond on input line 34.
LaTeX Info: Redefining \tbond on input line 34.
LaTeX Info: Redefining \bond on input line 52.
LaTeX Info: Redefining \dbond on input line 52.
LaTeX Info: Redefining \tbond on input line 52.
LaTeX Info: Redefining \bond on input line 52.
LaTeX Info: Redefining \dbond on input line 52.
LaTeX Info: Redefining \tbond on input line 52.
LaTeX Info: Redefining \bond on input line 58.
LaTeX Info: Redefining \dbond on input line 58.
LaTeX Info: Redefining \tbond on input line 58.
Requested font "cmbx8" at 8.0pt
 -> cmbx8
Requested font "cmbx6" at 6.0pt
 -> cmbx6
 [12]
("C:\Users\zeno\Desktop\V anno\Experimental Physics\Photoacoustic final experie
nce\reportex\peakdeformations.tex" [13] [14]) [15] [16] [17] [18] [19] [20]

LaTeX Warning: Float too large for page by 53.19987pt on input line 134.

[21]

LaTeX Warning: Float too large for page by 53.19987pt on input line 143.

[22]

LaTeX Warning: Float too large for page by 38.79991pt on input line 151.

[23]
Underfull \hbox (badness 10000) in paragraph at lines 169--171
[][]
 []

[24






] [25] [26]
("C:\Users\zeno\Desktop\V anno\Experimental Physics\Photoacoustic final experie
nce\reportex\freedrift.tex" [27]
Overfull \hbox (0.87326pt too wide) in paragraph at lines 36--46
[][] 
 []

)) [28] [29] [30] [31]
("C:\Users\zeno\Desktop\V anno\Experimental Physics\Photoacoustic final experie
nce\reportex\ECDL.tex"
Appendix A.
[32


] [33] [34]
Missing character: There is no  in font cmr10!
 [35] [36])
("C:\Users\zeno\Desktop\V anno\Experimental Physics\Photoacoustic final experie
nce\reportex\lockin.tex" [37]
Appendix B.
[38

] [39] [40])
("C:\Users\zeno\Desktop\V anno\Experimental Physics\Photoacoustic final experie
nce\reportex\etalon.tex" [41]
Appendix C.
[42

] [43] [44]
("C:\Users\zeno\Desktop\V anno\Experimental Physics\Photoacoustic final experie
nce\reportex\Airy.tex"
File: eps/Airy.eps Graphic file (type eps)
 <eps/Airy.eps>) [45] [46] [47])
Package atveryend Info: Empty hook `BeforeClearDocument' on input line 73.
 [48]
Package atveryend Info: Empty hook `AfterLastShipout' on input line 73.

("C:\Users\zeno\Desktop\V anno\Experimental Physics\Photoacoustic final experie
nce\reportex\report.aux")
Package atveryend Info: Empty hook `AtVeryEndDocument' on input line 73.
Package atveryend Info: Empty hook `AtEndAfterFileList' on input line 73.


LaTeX Warning: Label(s) may have changed. Rerun to get cross-references right.

 ) 
Here is how much of TeX's memory you used:
 22185 strings out of 429156
 396723 string characters out of 3168942
 513604 words of memory out of 3000000
 25064 multiletter control sequences out of 15000+200000
 25929 words of font info for 100 fonts, out of 3000000 for 9000
 786 hyphenation exceptions out of 8191
 52i,24n,92p,3583b,875s stack positions out of 5000i,500n,10000p,200000b,50000s

Output written on report.pdf (52 pages).
